{"name": "Validating user can place order", "status": "broken", "statusDetails": {"message": "selenium.common.exceptions.NoSuchElementException: Message: no such element: Unable to locate element: {\"method\":\"css selector\",\"selector\":\".summary_info_label.summary_total_label\"}\n  (Session info: chrome=126.0.6478.116); For documentation on this error, please visit: https://www.selenium.dev/documentation/webdriver/troubleshooting/errors#no-such-element-exception\nStacktrace:\n0   chromedriver                        0x00000001082576b8 chromedriver + 6149816\n1   chromedriver                        0x000000010824ecda chromedriver + 6114522\n2   chromedriver                        0x0000000107cdbd5c chromedriver + 400732\n3   chromedriver                        0x0000000107d28aa5 chromedriver + 715429\n4   chromedriver                        0x0000000107d28bf1 chromedriver + 715761\n5   chromedriver                        0x0000000107d6ddd4 chromedriver + 998868\n6   chromedriver                        0x0000000107d4bcdd chromedriver + 859357\n7   chromedriver                        0x0000000107d6b0db chromedriver + 987355\n8   chromedriver                        0x0000000107d4ba53 chromedriver + 858707\n9   chromedriver                        0x0000000107d1b6d5 chromedriver + 661205\n10  chromedriver                        0x0000000107d1bf6e chromedriver + 663406\n11  chromedriver                        0x0000000108218cf0 chromedriver + 5893360\n12  chromedriver                        0x000000010821e4bc chromedriver + 5915836\n13  chromedriver                        0x00000001081fa8b4 chromedriver + 5769396\n14  chromedriver                        0x000000010821ef89 chromedriver + 5918601\n15  chromedriver                        0x00000001081ebec4 chromedriver + 5709508\n16  chromedriver                        0x000000010823f008 chromedriver + 6049800\n17  chromedriver                        0x000000010823f1c7 chromedriver + 6050247\n18  chromedriver                        0x000000010824e88e chromedriver + 6113422\n19  libsystem_pthread.dylib             0x00007ff8092ce1d3 _pthread_start + 125\n20  libsystem_pthread.dylib             0x00007ff8092c9bd3 thread_start + 15\n\n", "trace": "  File \"/Library/Frameworks/Python.framework/Versions/3.12/lib/python3.12/site-packages/behave/model.py\", line 1329, in run\n    match.run(runner.context)\n  File \"/Library/Frameworks/Python.framework/Versions/3.12/lib/python3.12/site-packages/behave/matchers.py\", line 98, in run\n    self.func(context, *args, **kwargs)\n  File \"features/steps/AddItemToCartAndCompleteOrder_step.py\", line 97, in step_impl\n    total = context.cart.getTotalCost()\n            ^^^^^^^^^^^^^^^^^^^^^^^^^^^\n  File \"/Users/joenoronha/Documents/GitAssignment/AutomationAssignment/features/HelperClass/CartPage.py\", line 51, in getTotalCost\n    elementText = self.getText(By.CSS_SELECTOR, \"Checkout\", \"totalCost_CSSSELECTOR\")\n                  ^^^^^^^^^^^^^^^^^^^^^^^^^^^^^^^^^^^^^^^^^^^^^^^^^^^^^^^^^^^^^^^^^^\n  File \"/Users/joenoronha/Documents/GitAssignment/AutomationAssignment/features/HelperClass/BasePage.py\", line 75, in getText\n    elementText = self.driver.find_element(locator, ConfigReader.readConfig(configFileName, locatorName))\n                  ^^^^^^^^^^^^^^^^^^^^^^^^^^^^^^^^^^^^^^^^^^^^^^^^^^^^^^^^^^^^^^^^^^^^^^^^^^^^^^^^^^^^^^^\n  File \"/Library/Frameworks/Python.framework/Versions/3.12/lib/python3.12/site-packages/selenium/webdriver/remote/webdriver.py\", line 738, in find_element\n    return self.execute(Command.FIND_ELEMENT, {\"using\": by, \"value\": value})[\"value\"]\n           ^^^^^^^^^^^^^^^^^^^^^^^^^^^^^^^^^^^^^^^^^^^^^^^^^^^^^^^^^^^^^^^^^\n  File \"/Library/Frameworks/Python.framework/Versions/3.12/lib/python3.12/site-packages/selenium/webdriver/remote/webdriver.py\", line 344, in execute\n    self.error_handler.check_response(response)\n  File \"/Library/Frameworks/Python.framework/Versions/3.12/lib/python3.12/site-packages/selenium/webdriver/remote/errorhandler.py\", line 229, in check_response\n    raise exception_class(message, screen, stacktrace)\n"}, "steps": [{"name": "Given user is loggedin with valid credentials", "status": "passed", "start": 1719408016456, "stop": 1719408017015}, {"name": "Given User is in the Home screen", "status": "passed", "start": 1719408017043, "stop": 1719408025067}, {"name": "Then add 2 items to the cart", "status": "passed", "start": 1719408025068, "stop": 1719408029362}, {"name": "When clicked on Cart icon", "status": "passed", "start": 1719408029363, "stop": 1719408031419}, {"name": "Then Cart information page is displayed", "status": "passed", "start": 1719408031420, "stop": 1719408033433}, {"name": "When clicked on CheckOut button", "status": "passed", "start": 1719408033434, "stop": 1719408035489}, {"name": "Then checkout information page is displayed", "status": "passed", "start": 1719408035489, "stop": 1719408037506}, {"name": "Then enter details in the text fields", "status": "passed", "start": 1719408037507, "stop": 1719408039711}, {"name": "When clicked on continue button", "status": "passed", "start": 1719408039712, "stop": 1719408041786}, {"name": "Then Checkout Overview page is displayed", "status": "passed", "start": 1719408041787, "stop": 1719408043804}, {"name": "Then check the total price equlal to the items price", "status": "broken", "statusDetails": {"message": "selenium.common.exceptions.NoSuchElementException: Message: no such element: Unable to locate element: {\"method\":\"css selector\",\"selector\":\".summary_info_label.summary_total_label\"}\n  (Session info: chrome=126.0.6478.116); For documentation on this error, please visit: https://www.selenium.dev/documentation/webdriver/troubleshooting/errors#no-such-element-exception\nStacktrace:\n0   chromedriver                        0x00000001082576b8 chromedriver + 6149816\n1   chromedriver                        0x000000010824ecda chromedriver + 6114522\n2   chromedriver                        0x0000000107cdbd5c chromedriver + 400732\n3   chromedriver                        0x0000000107d28aa5 chromedriver + 715429\n4   chromedriver                        0x0000000107d28bf1 chromedriver + 715761\n5   chromedriver                        0x0000000107d6ddd4 chromedriver + 998868\n6   chromedriver                        0x0000000107d4bcdd chromedriver + 859357\n7   chromedriver                        0x0000000107d6b0db chromedriver + 987355\n8   chromedriver                        0x0000000107d4ba53 chromedriver + 858707\n9   chromedriver                        0x0000000107d1b6d5 chromedriver + 661205\n10  chromedriver                        0x0000000107d1bf6e chromedriver + 663406\n11  chromedriver                        0x0000000108218cf0 chromedriver + 5893360\n12  chromedriver                        0x000000010821e4bc chromedriver + 5915836\n13  chromedriver                        0x00000001081fa8b4 chromedriver + 5769396\n14  chromedriver                        0x000000010821ef89 chromedriver + 5918601\n15  chromedriver                        0x00000001081ebec4 chromedriver + 5709508\n16  chromedriver                        0x000000010823f008 chromedriver + 6049800\n17  chromedriver                        0x000000010823f1c7 chromedriver + 6050247\n18  chromedriver                        0x000000010824e88e chromedriver + 6113422\n19  libsystem_pthread.dylib             0x00007ff8092ce1d3 _pthread_start + 125\n20  libsystem_pthread.dylib             0x00007ff8092c9bd3 thread_start + 15\n\n", "trace": "  File \"/Library/Frameworks/Python.framework/Versions/3.12/lib/python3.12/site-packages/behave/model.py\", line 1329, in run\n    match.run(runner.context)\n  File \"/Library/Frameworks/Python.framework/Versions/3.12/lib/python3.12/site-packages/behave/matchers.py\", line 98, in run\n    self.func(context, *args, **kwargs)\n  File \"features/steps/AddItemToCartAndCompleteOrder_step.py\", line 97, in step_impl\n    total = context.cart.getTotalCost()\n            ^^^^^^^^^^^^^^^^^^^^^^^^^^^\n  File \"/Users/joenoronha/Documents/GitAssignment/AutomationAssignment/features/HelperClass/CartPage.py\", line 51, in getTotalCost\n    elementText = self.getText(By.CSS_SELECTOR, \"Checkout\", \"totalCost_CSSSELECTOR\")\n                  ^^^^^^^^^^^^^^^^^^^^^^^^^^^^^^^^^^^^^^^^^^^^^^^^^^^^^^^^^^^^^^^^^^\n  File \"/Users/joenoronha/Documents/GitAssignment/AutomationAssignment/features/HelperClass/BasePage.py\", line 75, in getText\n    elementText = self.driver.find_element(locator, ConfigReader.readConfig(configFileName, locatorName))\n                  ^^^^^^^^^^^^^^^^^^^^^^^^^^^^^^^^^^^^^^^^^^^^^^^^^^^^^^^^^^^^^^^^^^^^^^^^^^^^^^^^^^^^^^^\n  File \"/Library/Frameworks/Python.framework/Versions/3.12/lib/python3.12/site-packages/selenium/webdriver/remote/webdriver.py\", line 738, in find_element\n    return self.execute(Command.FIND_ELEMENT, {\"using\": by, \"value\": value})[\"value\"]\n           ^^^^^^^^^^^^^^^^^^^^^^^^^^^^^^^^^^^^^^^^^^^^^^^^^^^^^^^^^^^^^^^^^\n  File \"/Library/Frameworks/Python.framework/Versions/3.12/lib/python3.12/site-packages/selenium/webdriver/remote/webdriver.py\", line 344, in execute\n    self.error_handler.check_response(response)\n  File \"/Library/Frameworks/Python.framework/Versions/3.12/lib/python3.12/site-packages/selenium/webdriver/remote/errorhandler.py\", line 229, in check_response\n    raise exception_class(message, screen, stacktrace)\n"}, "start": 1719408043805, "stop": 1719408043849}, {"name": "When clicked on Finish button", "status": "skipped", "start": 1719408043915, "stop": 1719408043915}, {"name": "Then Checkout Complete page is displayed", "status": "skipped", "start": 1719408043915, "stop": 1719408043915}, {"name": "When clicked on BackHome button", "status": "skipped", "start": 1719408043915, "stop": 1719408043915}, {"name": "Then Home page is displayed", "status": "skipped", "start": 1719408043915, "stop": 1719408043915}], "start": 1719408008553, "stop": 1719408043915, "uuid": "7bed43f2-17e5-4211-9b35-f7605b28d726", "historyId": "bee260c49c0d694af4ea1c24907286f6", "fullName": "Validating adding items to cart and order completion: Validating user can place order", "labels": [{"name": "severity", "value": "normal"}, {"name": "feature", "value": "Validating adding items to cart and order completion"}, {"name": "framework", "value": "behave"}, {"name": "language", "value": "cpython3"}]}