{"name": "Validating user can place order", "status": "broken", "statusDetails": {"message": "selenium.common.exceptions.NoSuchElementException: Message: no such element: Unable to locate element: {\"method\":\"css selector\",\"selector\":\".summary_info_label.summary_total_label\"}\n  (Session info: chrome=126.0.6478.116); For documentation on this error, please visit: https://www.selenium.dev/documentation/webdriver/troubleshooting/errors#no-such-element-exception\nStacktrace:\n0   chromedriver                        0x000000010be776b8 chromedriver + 6149816\n1   chromedriver                        0x000000010be6ecda chromedriver + 6114522\n2   chromedriver                        0x000000010b8fbd5c chromedriver + 400732\n3   chromedriver                        0x000000010b948aa5 chromedriver + 715429\n4   chromedriver                        0x000000010b948bf1 chromedriver + 715761\n5   chromedriver                        0x000000010b98ddd4 chromedriver + 998868\n6   chromedriver                        0x000000010b96bcdd chromedriver + 859357\n7   chromedriver                        0x000000010b98b0db chromedriver + 987355\n8   chromedriver                        0x000000010b96ba53 chromedriver + 858707\n9   chromedriver                        0x000000010b93b6d5 chromedriver + 661205\n10  chromedriver                        0x000000010b93bf6e chromedriver + 663406\n11  chromedriver                        0x000000010be38cf0 chromedriver + 5893360\n12  chromedriver                        0x000000010be3e4bc chromedriver + 5915836\n13  chromedriver                        0x000000010be1a8b4 chromedriver + 5769396\n14  chromedriver                        0x000000010be3ef89 chromedriver + 5918601\n15  chromedriver                        0x000000010be0bec4 chromedriver + 5709508\n16  chromedriver                        0x000000010be5f008 chromedriver + 6049800\n17  chromedriver                        0x000000010be5f1c7 chromedriver + 6050247\n18  chromedriver                        0x000000010be6e88e chromedriver + 6113422\n19  libsystem_pthread.dylib             0x00007ff8092ce1d3 _pthread_start + 125\n20  libsystem_pthread.dylib             0x00007ff8092c9bd3 thread_start + 15\n\n", "trace": "  File \"/Library/Frameworks/Python.framework/Versions/3.12/lib/python3.12/site-packages/behave/model.py\", line 1329, in run\n    match.run(runner.context)\n  File \"/Library/Frameworks/Python.framework/Versions/3.12/lib/python3.12/site-packages/behave/matchers.py\", line 98, in run\n    self.func(context, *args, **kwargs)\n  File \"features/steps/AddItemToCartAndCompleteOrder_step.py\", line 97, in step_impl\n    total = context.cart.getTotalCost()\n            ^^^^^^^^^^^^^^^^^^^^^^^^^^^\n  File \"/Users/joenoronha/Documents/GitAssignment/AutomationAssignment/features/HelperClass/CartPage.py\", line 51, in getTotalCost\n    elementText = self.getText(By.CSS_SELECTOR, \"Checkout\", \"totalCost_CSSSELECTOR\")\n                  ^^^^^^^^^^^^^^^^^^^^^^^^^^^^^^^^^^^^^^^^^^^^^^^^^^^^^^^^^^^^^^^^^^\n  File \"/Users/joenoronha/Documents/GitAssignment/AutomationAssignment/features/HelperClass/BasePage.py\", line 75, in getText\n    elementText = self.driver.find_element(locator, ConfigReader.readConfig(configFileName, locatorName))\n                  ^^^^^^^^^^^^^^^^^^^^^^^^^^^^^^^^^^^^^^^^^^^^^^^^^^^^^^^^^^^^^^^^^^^^^^^^^^^^^^^^^^^^^^^\n  File \"/Library/Frameworks/Python.framework/Versions/3.12/lib/python3.12/site-packages/selenium/webdriver/remote/webdriver.py\", line 738, in find_element\n    return self.execute(Command.FIND_ELEMENT, {\"using\": by, \"value\": value})[\"value\"]\n           ^^^^^^^^^^^^^^^^^^^^^^^^^^^^^^^^^^^^^^^^^^^^^^^^^^^^^^^^^^^^^^^^^\n  File \"/Library/Frameworks/Python.framework/Versions/3.12/lib/python3.12/site-packages/selenium/webdriver/remote/webdriver.py\", line 344, in execute\n    self.error_handler.check_response(response)\n  File \"/Library/Frameworks/Python.framework/Versions/3.12/lib/python3.12/site-packages/selenium/webdriver/remote/errorhandler.py\", line 229, in check_response\n    raise exception_class(message, screen, stacktrace)\n"}, "steps": [{"name": "Given user is loggedin with valid credentials", "status": "passed", "attachments": [{"name": "screenshot", "source": "793e8706-6239-476c-ba3a-ffc2bb4996bd-attachment.png", "type": "image/png"}], "start": 1719408469008, "stop": 1719408470002}, {"name": "Given User is in the Home screen", "status": "passed", "attachments": [{"name": "screenshot", "source": "7b1a7588-6903-4804-b230-df3c6253ac16-attachment.png", "type": "image/png"}], "start": 1719408470003, "stop": 1719408478273}, {"name": "Then add 2 items to the cart", "status": "passed", "attachments": [{"name": "screenshot", "source": "2f1ba8e9-6c81-4839-ac2e-b54ba4a12aec-attachment.png", "type": "image/png"}], "start": 1719408478273, "stop": 1719408482823}, {"name": "When clicked on Cart icon", "status": "passed", "attachments": [{"name": "screenshot", "source": "4d0f5f9a-cc63-4308-b94f-df4b99c240ce-attachment.png", "type": "image/png"}], "start": 1719408482824, "stop": 1719408485068}, {"name": "Then Cart information page is displayed", "status": "passed", "attachments": [{"name": "screenshot", "source": "0b344c9b-61f7-43a6-90fc-d4e62342819c-attachment.png", "type": "image/png"}], "start": 1719408485069, "stop": 1719408487266}, {"name": "When clicked on CheckOut button", "status": "passed", "attachments": [{"name": "screenshot", "source": "f9f93a03-a149-48af-8908-2816f1646571-attachment.png", "type": "image/png"}], "start": 1719408487266, "stop": 1719408489488}, {"name": "Then checkout information page is displayed", "status": "passed", "attachments": [{"name": "screenshot", "source": "62d7cc4a-f7b9-4ad0-838b-3d61dabf763d-attachment.png", "type": "image/png"}], "start": 1719408489488, "stop": 1719408491667}, {"name": "Then enter details in the text fields", "status": "passed", "attachments": [{"name": "screenshot", "source": "6c14905a-194f-4fce-8393-803e9dd4b66f-attachment.png", "type": "image/png"}], "start": 1719408491667, "stop": 1719408494020}, {"name": "When clicked on continue button", "status": "passed", "attachments": [{"name": "screenshot", "source": "2aaa2657-d3da-45c0-a38a-8b9ab94338e8-attachment.png", "type": "image/png"}], "start": 1719408494021, "stop": 1719408496270}, {"name": "Then Checkout Overview page is displayed", "status": "passed", "attachments": [{"name": "screenshot", "source": "ee201550-ebab-4789-9e61-430f2294f96b-attachment.png", "type": "image/png"}], "start": 1719408496270, "stop": 1719408498457}, {"name": "Then check the total price equlal to the items price", "status": "broken", "statusDetails": {"message": "selenium.common.exceptions.NoSuchElementException: Message: no such element: Unable to locate element: {\"method\":\"css selector\",\"selector\":\".summary_info_label.summary_total_label\"}\n  (Session info: chrome=126.0.6478.116); For documentation on this error, please visit: https://www.selenium.dev/documentation/webdriver/troubleshooting/errors#no-such-element-exception\nStacktrace:\n0   chromedriver                        0x000000010be776b8 chromedriver + 6149816\n1   chromedriver                        0x000000010be6ecda chromedriver + 6114522\n2   chromedriver                        0x000000010b8fbd5c chromedriver + 400732\n3   chromedriver                        0x000000010b948aa5 chromedriver + 715429\n4   chromedriver                        0x000000010b948bf1 chromedriver + 715761\n5   chromedriver                        0x000000010b98ddd4 chromedriver + 998868\n6   chromedriver                        0x000000010b96bcdd chromedriver + 859357\n7   chromedriver                        0x000000010b98b0db chromedriver + 987355\n8   chromedriver                        0x000000010b96ba53 chromedriver + 858707\n9   chromedriver                        0x000000010b93b6d5 chromedriver + 661205\n10  chromedriver                        0x000000010b93bf6e chromedriver + 663406\n11  chromedriver                        0x000000010be38cf0 chromedriver + 5893360\n12  chromedriver                        0x000000010be3e4bc chromedriver + 5915836\n13  chromedriver                        0x000000010be1a8b4 chromedriver + 5769396\n14  chromedriver                        0x000000010be3ef89 chromedriver + 5918601\n15  chromedriver                        0x000000010be0bec4 chromedriver + 5709508\n16  chromedriver                        0x000000010be5f008 chromedriver + 6049800\n17  chromedriver                        0x000000010be5f1c7 chromedriver + 6050247\n18  chromedriver                        0x000000010be6e88e chromedriver + 6113422\n19  libsystem_pthread.dylib             0x00007ff8092ce1d3 _pthread_start + 125\n20  libsystem_pthread.dylib             0x00007ff8092c9bd3 thread_start + 15\n\n", "trace": "  File \"/Library/Frameworks/Python.framework/Versions/3.12/lib/python3.12/site-packages/behave/model.py\", line 1329, in run\n    match.run(runner.context)\n  File \"/Library/Frameworks/Python.framework/Versions/3.12/lib/python3.12/site-packages/behave/matchers.py\", line 98, in run\n    self.func(context, *args, **kwargs)\n  File \"features/steps/AddItemToCartAndCompleteOrder_step.py\", line 97, in step_impl\n    total = context.cart.getTotalCost()\n            ^^^^^^^^^^^^^^^^^^^^^^^^^^^\n  File \"/Users/joenoronha/Documents/GitAssignment/AutomationAssignment/features/HelperClass/CartPage.py\", line 51, in getTotalCost\n    elementText = self.getText(By.CSS_SELECTOR, \"Checkout\", \"totalCost_CSSSELECTOR\")\n                  ^^^^^^^^^^^^^^^^^^^^^^^^^^^^^^^^^^^^^^^^^^^^^^^^^^^^^^^^^^^^^^^^^^\n  File \"/Users/joenoronha/Documents/GitAssignment/AutomationAssignment/features/HelperClass/BasePage.py\", line 75, in getText\n    elementText = self.driver.find_element(locator, ConfigReader.readConfig(configFileName, locatorName))\n                  ^^^^^^^^^^^^^^^^^^^^^^^^^^^^^^^^^^^^^^^^^^^^^^^^^^^^^^^^^^^^^^^^^^^^^^^^^^^^^^^^^^^^^^^\n  File \"/Library/Frameworks/Python.framework/Versions/3.12/lib/python3.12/site-packages/selenium/webdriver/remote/webdriver.py\", line 738, in find_element\n    return self.execute(Command.FIND_ELEMENT, {\"using\": by, \"value\": value})[\"value\"]\n           ^^^^^^^^^^^^^^^^^^^^^^^^^^^^^^^^^^^^^^^^^^^^^^^^^^^^^^^^^^^^^^^^^\n  File \"/Library/Frameworks/Python.framework/Versions/3.12/lib/python3.12/site-packages/selenium/webdriver/remote/webdriver.py\", line 344, in execute\n    self.error_handler.check_response(response)\n  File \"/Library/Frameworks/Python.framework/Versions/3.12/lib/python3.12/site-packages/selenium/webdriver/remote/errorhandler.py\", line 229, in check_response\n    raise exception_class(message, screen, stacktrace)\n"}, "attachments": [{"name": "screenshot", "source": "c8473a48-59ba-49c5-8ff2-80fa2241545f-attachment.png", "type": "image/png"}], "start": 1719408498457, "stop": 1719408498658}, {"name": "When clicked on Finish button", "status": "skipped", "start": 1719408498867, "stop": 1719408498867}, {"name": "Then Checkout Complete page is displayed", "status": "skipped", "start": 1719408498867, "stop": 1719408498867}, {"name": "When clicked on BackHome button", "status": "skipped", "start": 1719408498867, "stop": 1719408498867}, {"name": "Then Home page is displayed", "status": "skipped", "start": 1719408498867, "stop": 1719408498867}], "start": 1719408460820, "stop": 1719408498867, "uuid": "350490d0-438e-4c29-bc60-61f18655053b", "historyId": "bee260c49c0d694af4ea1c24907286f6", "fullName": "Validating adding items to cart and order completion: Validating user can place order", "labels": [{"name": "severity", "value": "normal"}, {"name": "feature", "value": "Validating adding items to cart and order completion"}, {"name": "framework", "value": "behave"}, {"name": "language", "value": "cpython3"}]}