{"name": "Validating user can place order", "status": "broken", "statusDetails": {"message": "selenium.common.exceptions.NoSuchElementException: Message: no such element: Unable to locate element: {\"method\":\"css selector\",\"selector\":\".summary_info_label.summary_total_label\"}\n  (Session info: chrome=126.0.6478.116); For documentation on this error, please visit: https://www.selenium.dev/documentation/webdriver/troubleshooting/errors#no-such-element-exception\nStacktrace:\n0   chromedriver                        0x0000000102e1f6b8 chromedriver + 6149816\n1   chromedriver                        0x0000000102e16cda chromedriver + 6114522\n2   chromedriver                        0x00000001028a3d5c chromedriver + 400732\n3   chromedriver                        0x00000001028f0aa5 chromedriver + 715429\n4   chromedriver                        0x00000001028f0bf1 chromedriver + 715761\n5   chromedriver                        0x0000000102935dd4 chromedriver + 998868\n6   chromedriver                        0x0000000102913cdd chromedriver + 859357\n7   chromedriver                        0x00000001029330db chromedriver + 987355\n8   chromedriver                        0x0000000102913a53 chromedriver + 858707\n9   chromedriver                        0x00000001028e36d5 chromedriver + 661205\n10  chromedriver                        0x00000001028e3f6e chromedriver + 663406\n11  chromedriver                        0x0000000102de0cf0 chromedriver + 5893360\n12  chromedriver                        0x0000000102de64bc chromedriver + 5915836\n13  chromedriver                        0x0000000102dc28b4 chromedriver + 5769396\n14  chromedriver                        0x0000000102de6f89 chromedriver + 5918601\n15  chromedriver                        0x0000000102db3ec4 chromedriver + 5709508\n16  chromedriver                        0x0000000102e07008 chromedriver + 6049800\n17  chromedriver                        0x0000000102e071c7 chromedriver + 6050247\n18  chromedriver                        0x0000000102e1688e chromedriver + 6113422\n19  libsystem_pthread.dylib             0x00007ff8092ce1d3 _pthread_start + 125\n20  libsystem_pthread.dylib             0x00007ff8092c9bd3 thread_start + 15\n\n", "trace": "  File \"/Library/Frameworks/Python.framework/Versions/3.12/lib/python3.12/site-packages/behave/model.py\", line 1329, in run\n    match.run(runner.context)\n  File \"/Library/Frameworks/Python.framework/Versions/3.12/lib/python3.12/site-packages/behave/matchers.py\", line 98, in run\n    self.func(context, *args, **kwargs)\n  File \"features/steps/AddItemToCartAndCompleteOrder_step.py\", line 97, in step_impl\n    total = context.cart.getTotalCost()\n            ^^^^^^^^^^^^^^^^^^^^^^^^^^^\n  File \"/Users/joenoronha/Documents/GitAssignment/AutomationAssignment/features/HelperClass/CartPage.py\", line 51, in getTotalCost\n    elementText = self.getText(By.CSS_SELECTOR, \"Checkout\", \"totalCost_CSSSELECTOR\")\n                  ^^^^^^^^^^^^^^^^^^^^^^^^^^^^^^^^^^^^^^^^^^^^^^^^^^^^^^^^^^^^^^^^^^\n  File \"/Users/joenoronha/Documents/GitAssignment/AutomationAssignment/features/HelperClass/BasePage.py\", line 75, in getText\n    elementText = self.driver.find_element(locator, ConfigReader.readConfig(configFileName, locatorName))\n                  ^^^^^^^^^^^^^^^^^^^^^^^^^^^^^^^^^^^^^^^^^^^^^^^^^^^^^^^^^^^^^^^^^^^^^^^^^^^^^^^^^^^^^^^\n  File \"/Library/Frameworks/Python.framework/Versions/3.12/lib/python3.12/site-packages/selenium/webdriver/remote/webdriver.py\", line 738, in find_element\n    return self.execute(Command.FIND_ELEMENT, {\"using\": by, \"value\": value})[\"value\"]\n           ^^^^^^^^^^^^^^^^^^^^^^^^^^^^^^^^^^^^^^^^^^^^^^^^^^^^^^^^^^^^^^^^^\n  File \"/Library/Frameworks/Python.framework/Versions/3.12/lib/python3.12/site-packages/selenium/webdriver/remote/webdriver.py\", line 344, in execute\n    self.error_handler.check_response(response)\n  File \"/Library/Frameworks/Python.framework/Versions/3.12/lib/python3.12/site-packages/selenium/webdriver/remote/errorhandler.py\", line 229, in check_response\n    raise exception_class(message, screen, stacktrace)\n"}, "steps": [{"name": "Given user is loggedin with valid credentials", "status": "passed", "start": 1719407584456, "stop": 1719407585063}, {"name": "Given User is in the Home screen", "status": "passed", "start": 1719407585066, "stop": 1719407593089}, {"name": "Then add 2 items to the cart", "status": "passed", "start": 1719407593089, "stop": 1719407597385}, {"name": "When clicked on Cart icon", "status": "passed", "start": 1719407597386, "stop": 1719407599431}, {"name": "Then Cart information page is displayed", "status": "passed", "start": 1719407599432, "stop": 1719407601449}, {"name": "When clicked on CheckOut button", "status": "passed", "start": 1719407601450, "stop": 1719407603494}, {"name": "Then checkout information page is displayed", "status": "passed", "start": 1719407603495, "stop": 1719407605509}, {"name": "Then enter details in the text fields", "status": "passed", "start": 1719407605510, "stop": 1719407607698}, {"name": "When clicked on continue button", "status": "passed", "start": 1719407607698, "stop": 1719407609765}, {"name": "Then Checkout Overview page is displayed", "status": "passed", "start": 1719407609766, "stop": 1719407611784}, {"name": "Then check the total price equlal to the items price", "status": "broken", "statusDetails": {"message": "selenium.common.exceptions.NoSuchElementException: Message: no such element: Unable to locate element: {\"method\":\"css selector\",\"selector\":\".summary_info_label.summary_total_label\"}\n  (Session info: chrome=126.0.6478.116); For documentation on this error, please visit: https://www.selenium.dev/documentation/webdriver/troubleshooting/errors#no-such-element-exception\nStacktrace:\n0   chromedriver                        0x0000000102e1f6b8 chromedriver + 6149816\n1   chromedriver                        0x0000000102e16cda chromedriver + 6114522\n2   chromedriver                        0x00000001028a3d5c chromedriver + 400732\n3   chromedriver                        0x00000001028f0aa5 chromedriver + 715429\n4   chromedriver                        0x00000001028f0bf1 chromedriver + 715761\n5   chromedriver                        0x0000000102935dd4 chromedriver + 998868\n6   chromedriver                        0x0000000102913cdd chromedriver + 859357\n7   chromedriver                        0x00000001029330db chromedriver + 987355\n8   chromedriver                        0x0000000102913a53 chromedriver + 858707\n9   chromedriver                        0x00000001028e36d5 chromedriver + 661205\n10  chromedriver                        0x00000001028e3f6e chromedriver + 663406\n11  chromedriver                        0x0000000102de0cf0 chromedriver + 5893360\n12  chromedriver                        0x0000000102de64bc chromedriver + 5915836\n13  chromedriver                        0x0000000102dc28b4 chromedriver + 5769396\n14  chromedriver                        0x0000000102de6f89 chromedriver + 5918601\n15  chromedriver                        0x0000000102db3ec4 chromedriver + 5709508\n16  chromedriver                        0x0000000102e07008 chromedriver + 6049800\n17  chromedriver                        0x0000000102e071c7 chromedriver + 6050247\n18  chromedriver                        0x0000000102e1688e chromedriver + 6113422\n19  libsystem_pthread.dylib             0x00007ff8092ce1d3 _pthread_start + 125\n20  libsystem_pthread.dylib             0x00007ff8092c9bd3 thread_start + 15\n\n", "trace": "  File \"/Library/Frameworks/Python.framework/Versions/3.12/lib/python3.12/site-packages/behave/model.py\", line 1329, in run\n    match.run(runner.context)\n  File \"/Library/Frameworks/Python.framework/Versions/3.12/lib/python3.12/site-packages/behave/matchers.py\", line 98, in run\n    self.func(context, *args, **kwargs)\n  File \"features/steps/AddItemToCartAndCompleteOrder_step.py\", line 97, in step_impl\n    total = context.cart.getTotalCost()\n            ^^^^^^^^^^^^^^^^^^^^^^^^^^^\n  File \"/Users/joenoronha/Documents/GitAssignment/AutomationAssignment/features/HelperClass/CartPage.py\", line 51, in getTotalCost\n    elementText = self.getText(By.CSS_SELECTOR, \"Checkout\", \"totalCost_CSSSELECTOR\")\n                  ^^^^^^^^^^^^^^^^^^^^^^^^^^^^^^^^^^^^^^^^^^^^^^^^^^^^^^^^^^^^^^^^^^\n  File \"/Users/joenoronha/Documents/GitAssignment/AutomationAssignment/features/HelperClass/BasePage.py\", line 75, in getText\n    elementText = self.driver.find_element(locator, ConfigReader.readConfig(configFileName, locatorName))\n                  ^^^^^^^^^^^^^^^^^^^^^^^^^^^^^^^^^^^^^^^^^^^^^^^^^^^^^^^^^^^^^^^^^^^^^^^^^^^^^^^^^^^^^^^\n  File \"/Library/Frameworks/Python.framework/Versions/3.12/lib/python3.12/site-packages/selenium/webdriver/remote/webdriver.py\", line 738, in find_element\n    return self.execute(Command.FIND_ELEMENT, {\"using\": by, \"value\": value})[\"value\"]\n           ^^^^^^^^^^^^^^^^^^^^^^^^^^^^^^^^^^^^^^^^^^^^^^^^^^^^^^^^^^^^^^^^^\n  File \"/Library/Frameworks/Python.framework/Versions/3.12/lib/python3.12/site-packages/selenium/webdriver/remote/webdriver.py\", line 344, in execute\n    self.error_handler.check_response(response)\n  File \"/Library/Frameworks/Python.framework/Versions/3.12/lib/python3.12/site-packages/selenium/webdriver/remote/errorhandler.py\", line 229, in check_response\n    raise exception_class(message, screen, stacktrace)\n"}, "start": 1719407611785, "stop": 1719407611880}, {"name": "When clicked on Finish button", "status": "skipped", "start": 1719407611996, "stop": 1719407611996}, {"name": "Then Checkout Complete page is displayed", "status": "skipped", "start": 1719407611996, "stop": 1719407611996}, {"name": "When clicked on BackHome button", "status": "skipped", "start": 1719407611996, "stop": 1719407611996}, {"name": "Then Home page is displayed", "status": "skipped", "start": 1719407611996, "stop": 1719407611996}], "start": 1719407576845, "stop": 1719407611996, "uuid": "a6a08047-82ff-4a31-b983-0bd4e57b455e", "historyId": "bee260c49c0d694af4ea1c24907286f6", "fullName": "Validating adding items to cart and order completion: Validating user can place order", "labels": [{"name": "severity", "value": "normal"}, {"name": "feature", "value": "Validating adding items to cart and order completion"}, {"name": "framework", "value": "behave"}, {"name": "language", "value": "cpython3"}]}